2016-09-18 12:29:39,194 INFO  [-->] Loading Property files 
2016-09-18 12:29:39,201 INFO  [-->] Loaded Property files successfully 
2016-09-18 12:29:39,201 INFO  [-->] Loading XLS Files 
2016-09-18 12:29:40,140 INFO  [-->] Loaded XLS Files successfully 
2016-09-18 12:29:40,141 INFO  [-->] Checking Runmode of Suite SubmitAdd 
2016-09-18 12:29:40,279 INFO  [-->] ================================ Executing TestCase_ComNonAutomated for Test Data: Firefox====================================================== 
2016-09-18 12:29:40,279 INFO  [-->] ================================================================================================================================================== 
2016-09-18 12:29:40,279 INFO  [-->] Opening Firefox Browser 
2016-09-18 12:29:47,503 INFO  [-->] Firefox browser started 
2016-09-18 12:29:47,503 INFO  [-->] Navigating to URL--:https://www.olx.in/ 
2016-09-18 12:30:27,895 INFO  [-->] Clicking on:-- btn_SubmitAFreeAdd_xpath 
2016-09-18 12:30:32,305 INFO  [-->] Waiting for page load 
2016-09-18 12:31:05,461 INFO  [-->] Entering the value in:-- txtbx_AdTitle_xpath 
2016-09-18 12:31:06,628 INFO  [-->] Clicking on:-- lnk_Category_id 
2016-09-18 12:31:06,810 INFO  [-->] Closing the browser now 
2016-09-18 12:31:12,826 INFO  [FOUserAgent] Rendered page #1. 
2016-09-18 12:31:12,865 INFO  [FOUserAgent] Rendered page #2. 
2016-10-06 16:13:22,018 INFO  [-->] Loading Property files 
2016-10-06 16:13:22,050 INFO  [-->] Loaded Property files successfully 
2016-10-06 16:13:22,050 INFO  [-->] Loading XLS Files 
2016-10-06 16:13:24,113 INFO  [-->] Loaded XLS Files successfully 
2016-10-06 16:13:24,113 INFO  [-->] Checking Runmode of Suite SubmitAdd 
2016-10-06 16:13:24,383 INFO  [-->] ================================ Executing TestCase_ComNonAutomated for Test Data: Firefox====================================================== 
2016-10-06 16:13:24,383 INFO  [-->] ================================================================================================================================================== 
2016-10-06 16:13:24,383 INFO  [-->] Opening Firefox Browser 
2016-10-06 16:13:35,268 INFO  [-->] Firefox browser started 
2016-10-06 16:13:35,269 INFO  [-->] Navigating to URL--:https://www.olx.in/ 
2016-10-06 16:14:07,883 INFO  [-->] Clicking on:-- btn_SubmitAFreeAdd_xpath 
2016-10-06 16:14:08,469 INFO  [-->] Waiting for page load 
2016-10-06 16:14:22,171 ERROR [-->] Error communicating with the remote browser. It may have died.
Build info: version: '2.52.0', revision: '4c2593c', time: '2016-02-11 19:06:42'
System info: host: 'Ayaz-PC', ip: '192.168.1.5', os.name: 'Windows 7', os.arch: 'amd64', os.version: '6.1', java.version: '1.8.0_65'
Driver info: driver.version: RemoteWebDriver
Capabilities [{applicationCacheEnabled=true, rotatable=false, handlesAlerts=true, databaseEnabled=true, version=43.0.1, platform=WINDOWS, nativeEvents=false, acceptSslCerts=true, webStorageEnabled=true, locationContextEnabled=true, browserName=firefox, takesScreenshot=true, javascriptEnabled=true, cssSelectorsEnabled=true}]
Session ID: a0b7b69a-5790-445f-915c-01d923160986 
2016-10-06 16:14:22,172 INFO  [-->] Entering the value in:-- txtbx_AdTitle_xpath 
2016-10-06 16:14:23,180 ERROR [-->] Not able to enter the value:-- Error communicating with the remote browser. It may have died.
Build info: version: '2.52.0', revision: '4c2593c', time: '2016-02-11 19:06:42'
System info: host: 'Ayaz-PC', ip: '192.168.1.5', os.name: 'Windows 7', os.arch: 'amd64', os.version: '6.1', java.version: '1.8.0_65'
Driver info: driver.version: RemoteWebDriver
Capabilities [{applicationCacheEnabled=true, rotatable=false, handlesAlerts=true, databaseEnabled=true, version=43.0.1, platform=WINDOWS, nativeEvents=false, acceptSslCerts=true, webStorageEnabled=true, locationContextEnabled=true, browserName=firefox, takesScreenshot=true, javascriptEnabled=true, cssSelectorsEnabled=true}]
Session ID: a0b7b69a-5790-445f-915c-01d923160986 
2016-10-06 16:14:31,697 INFO  [FOUserAgent] Rendered page #1. 
2016-10-06 16:14:31,736 INFO  [FOUserAgent] Rendered page #2. 
2016-10-08 13:54:07,163 INFO  [-->] Loading Property files 
2016-10-08 13:54:07,182 INFO  [-->] Loaded Property files successfully 
2016-10-08 13:54:07,183 INFO  [-->] Loading XLS Files 
2016-10-08 13:54:08,345 INFO  [-->] Loaded XLS Files successfully 
2016-10-08 13:54:08,345 INFO  [-->] Checking Runmode of Suite SubmitAdd 
2016-10-08 13:54:08,571 INFO  [-->] ================================ Executing TestCase_ComNonAutomated for Test Data: Firefox====================================================== 
2016-10-08 13:54:08,571 INFO  [-->] ================================================================================================================================================== 
2016-10-08 13:54:08,571 INFO  [-->] Opening Firefox Browser 
2016-10-08 13:54:17,158 INFO  [-->] Firefox browser started 
2016-10-08 13:54:17,158 INFO  [-->] Navigating to URL--:https://www.olx.in/ 
2016-10-08 13:54:42,149 INFO  [-->] Clicking on:-- btn_SubmitAFreeAdd_xpath 
2016-10-08 13:55:06,351 INFO  [-->] Waiting for page load 
2016-10-08 13:55:06,985 INFO  [-->] Entering the value in:-- txtbx_AdTitle_xpath 
2016-10-08 13:55:07,215 INFO  [-->] Clicking on:-- lnk_Category_id 
2016-10-08 13:55:07,364 INFO  [-->] Closing the browser now 
2016-10-08 13:55:12,893 INFO  [FOUserAgent] Rendered page #1. 
2016-10-08 13:55:12,925 INFO  [FOUserAgent] Rendered page #2. 
2016-12-04 14:28:21,292 INFO  [-->] Loading Property files 
2016-12-04 14:28:21,294 INFO  [-->] Loaded Property files successfully 
2016-12-04 14:28:21,294 INFO  [-->] Loading XLS Files 
2016-12-04 14:28:22,051 INFO  [-->] Loaded XLS Files successfully 
2016-12-04 14:28:22,051 INFO  [-->] Checking Runmode of Suite SubmitAdd 
2016-12-04 14:28:22,219 INFO  [-->] ================================ Executing TestCase_ComNonAutomated for Test Data: Chrome====================================================== 
2016-12-04 14:28:22,219 INFO  [-->] ================================================================================================================================================== 
2016-12-04 14:28:22,219 INFO  [-->] Opening Chrome Browser 
2016-12-04 14:28:35,712 ERROR [-->] Not able to start the browser: -- Could not start a new session. Possible causes are invalid address of the remote server or browser start-up failure.
Build info: version: '2.52.0', revision: '4c2593c', time: '2016-02-11 19:06:42'
System info: host: 'Ayaz-PC', ip: '192.168.43.69', os.name: 'Windows 7', os.arch: 'amd64', os.version: '6.1', java.version: '1.8.0_65'
Driver info: driver.version: ChromeDriver 
2016-12-04 14:28:39,083 INFO  [-->] ================================ Executing TestCase_ComNonAutomated for Test Data: IE====================================================== 
2016-12-04 14:28:39,083 INFO  [-->] ================================================================================================================================================== 
2016-12-04 14:28:39,084 INFO  [-->] Opening IE Browser 
2016-12-04 14:28:44,588 INFO  [-->] IE browser started 
2016-12-04 14:28:44,589 INFO  [-->] Navigating to URL--:https://www.olx.in/ 
2016-12-10 14:02:50,604 INFO  [-->] Loading Property files 
2016-12-10 14:02:50,630 INFO  [-->] Loaded Property files successfully 
2016-12-10 14:02:50,630 INFO  [-->] Loading XLS Files 
2016-12-10 14:02:52,411 INFO  [-->] Loaded XLS Files successfully 
2016-12-10 14:02:52,411 INFO  [-->] Checking Runmode of Suite SubmitAdd 
2016-12-10 14:02:52,814 INFO  [-->] ================================ Executing TestCase_ComNonAutomated for Test Data: Chrome====================================================== 
2016-12-10 14:02:52,814 INFO  [-->] ================================================================================================================================================== 
2016-12-10 14:02:52,814 INFO  [-->] Opening Chrome Browser 
2016-12-10 14:02:58,296 ERROR [-->] Not able to start the browser: -- session not created exception
from unknown error: Runtime.executionContextCreated has invalid 'context': {"auxData":{"frameId":"1776.1","isDefault":true},"id":1,"name":"","origin":"://"}
  (Session info: chrome=54.0.2840.99)
  (Driver info: chromedriver=2.21.371459 (36d3d07f660ff2bc1bf28a75d1cdabed0983e7c4),platform=Windows NT 6.1 x86_64) (WARNING: The server did not provide any stacktrace information)
Command duration or timeout: 2.77 seconds
Build info: version: '2.52.0', revision: '4c2593c', time: '2016-02-11 19:06:42'
System info: host: 'Ayaz-PC', ip: '192.168.43.69', os.name: 'Windows 7', os.arch: 'amd64', os.version: '6.1', java.version: '1.8.0_65'
Driver info: org.openqa.selenium.chrome.ChromeDriver 
2016-12-10 14:02:59,737 INFO  [-->] ================================ Executing TestCase_ComNonAutomated for Test Data: IE====================================================== 
2016-12-10 14:02:59,738 INFO  [-->] ================================================================================================================================================== 
2016-12-10 14:02:59,738 INFO  [-->] Opening IE Browser 
2016-12-10 14:03:03,462 INFO  [-->] IE browser started 
2016-12-10 14:03:03,462 INFO  [-->] Navigating to URL--:https://www.olx.in/ 
2017-01-08 15:49:54,182 INFO  [-->] Loading Property files 
2017-01-08 15:52:54,427 INFO  [-->] Loading Property files 
2017-01-08 15:52:54,454 INFO  [-->] Loaded Property files successfully 
2017-01-08 15:52:54,454 INFO  [-->] Loading XLS Files 
2017-01-08 15:52:56,060 INFO  [-->] Loaded XLS Files successfully 
2017-01-08 15:52:56,060 INFO  [-->] Checking Runmode of Suite SubmitAdd 
2017-01-08 15:52:56,303 INFO  [-->] ================================ Executing TestCase_ComNonAutomated for Test Data: Chrome====================================================== 
2017-01-08 15:52:56,304 INFO  [-->] ================================================================================================================================================== 
2017-01-08 15:52:56,304 INFO  [-->] Opening Chrome Browser 
2017-01-08 15:53:26,888 ERROR [-->] Not able to start the browser: -- Could not start a new session. Possible causes are invalid address of the remote server or browser start-up failure.
Build info: version: '2.52.0', revision: '4c2593c', time: '2016-02-11 19:06:42'
System info: host: 'Ayaz-PC', ip: '192.168.43.69', os.name: 'Windows 7', os.arch: 'amd64', os.version: '6.1', java.version: '1.8.0_65'
Driver info: driver.version: ChromeDriver 
2017-01-08 15:53:28,275 INFO  [-->] ================================ Executing TestCase_ComNonAutomated for Test Data: IE====================================================== 
2017-01-08 15:53:28,275 INFO  [-->] ================================================================================================================================================== 
2017-01-08 15:53:28,275 INFO  [-->] Opening IE Browser 
2017-01-08 15:53:34,466 INFO  [-->] IE browser started 
2017-01-08 15:53:34,466 INFO  [-->] Navigating to URL--:https://www.olx.in/ 
2017-01-08 15:54:43,362 INFO  [-->] Clicking on:-- btn_SubmitAFreeAdd_xpath 
2017-01-08 15:54:43,739 ERROR [-->] Not able to click on -- Unable to find element with xpath == //*[@id='postNewAdLink'] (WARNING: The server did not provide any stacktrace information)
Command duration or timeout: 362 milliseconds
For documentation on this error, please visit: http://seleniumhq.org/exceptions/no_such_element.html
Build info: version: '2.52.0', revision: '4c2593c', time: '2016-02-11 19:06:42'
System info: host: 'Ayaz-PC', ip: '192.168.43.69', os.name: 'Windows 7', os.arch: 'amd64', os.version: '6.1', java.version: '1.8.0_65'
Driver info: org.openqa.selenium.ie.InternetExplorerDriver
Capabilities [{browserAttachTimeout=0, enablePersistentHover=false, ie.forceCreateProcessApi=false, pageLoadStrategy=normal, ie.usePerProcessProxy=false, ignoreZoomSetting=false, handlesAlerts=true, version=8, platform=WINDOWS, nativeEvents=true, ie.ensureCleanSession=false, elementScrollBehavior=0, ie.browserCommandLineSwitches=, requireWindowFocus=true, browserName=internet explorer, initialBrowserUrl=http://localhost:47464/, takesScreenshot=true, javascriptEnabled=true, ignoreProtectedModeSettings=true, enableElementCacheCleanup=true, cssSelectorsEnabled=true, unexpectedAlertBehaviour=dismiss}]
Session ID: f580a277-16cf-447e-bf8c-7ad2fd1c9ced
*** Element info: {Using=xpath, value=//*[@id='postNewAdLink']} 
2017-01-08 15:54:43,871 INFO  [-->] ScreenShot is captured and stored at C:\Users\Ayaz\workspace\OlxAutomation\Screenshots\Fail01-2017-08 15.54.43.jpg 
2017-01-08 16:07:51,564 INFO  [-->] Loading Property files 
2017-01-08 16:07:51,566 INFO  [-->] Loaded Property files successfully 
2017-01-08 16:07:51,567 INFO  [-->] Loading XLS Files 
2017-01-08 16:07:52,381 INFO  [-->] Loaded XLS Files successfully 
2017-01-08 16:07:52,381 INFO  [-->] Checking Runmode of Suite SubmitAdd 
2017-01-08 16:07:52,499 INFO  [-->] ================================ Executing TestCase_ComNonAutomated for Test Data: Firefox====================================================== 
2017-01-08 16:07:52,499 INFO  [-->] ================================================================================================================================================== 
2017-01-08 16:07:52,499 INFO  [-->] Opening Firefox Browser 
2017-01-08 16:08:06,394 INFO  [-->] Firefox browser started 
2017-01-08 16:08:06,394 INFO  [-->] Navigating to URL--:https://www.olx.in/ 
2017-01-08 16:09:17,782 INFO  [-->] Clicking on:-- btn_SubmitAFreeAdd_xpath 
2017-01-08 16:09:21,389 INFO  [-->] Waiting for page load 
2017-01-08 16:10:35,452 INFO  [-->] Entering the value in:-- txtbx_AdTitle_xpath 
2017-01-08 16:10:35,783 INFO  [-->] Clicking on:-- lnk_Category_id 
2017-01-08 16:10:36,988 INFO  [-->] Closing the browser now 
2017-01-08 16:10:38,307 INFO  [-->] ================================ Executing TestCase_ComNonAutomated for Test Data: IE====================================================== 
2017-01-08 16:10:38,307 INFO  [-->] ================================================================================================================================================== 
2017-01-08 16:10:38,307 INFO  [-->] Opening IE Browser 
2017-01-08 16:10:40,550 INFO  [-->] IE browser started 
2017-01-08 16:10:40,550 INFO  [-->] Navigating to URL--:https://www.olx.in/ 
2017-01-08 16:10:56,111 INFO  [-->] Clicking on:-- btn_SubmitAFreeAdd_xpath 
2017-01-08 16:10:56,787 INFO  [-->] Waiting for page load 
2017-01-08 16:11:13,078 INFO  [-->] Entering the value in:-- txtbx_AdTitle_xpath 
2017-01-08 16:11:13,870 INFO  [-->] Clicking on:-- lnk_Category_id 
2017-01-08 16:11:26,020 INFO  [-->] Closing the browser now 
2017-01-08 16:13:26,616 INFO  [-->] Loading Property files 
2017-01-08 16:13:26,618 INFO  [-->] Loaded Property files successfully 
2017-01-08 16:13:26,618 INFO  [-->] Loading XLS Files 
2017-01-08 16:13:27,408 INFO  [-->] Loaded XLS Files successfully 
2017-01-08 16:13:27,408 INFO  [-->] Checking Runmode of Suite SubmitAdd 
2017-01-08 16:13:27,570 INFO  [-->] ================================ Executing TestCase_ComNonAutomated for Test Data: Firefox====================================================== 
2017-01-08 16:13:27,570 INFO  [-->] ================================================================================================================================================== 
2017-01-08 16:13:27,570 INFO  [-->] Opening Firefox Browser 
2017-01-08 16:13:35,627 INFO  [-->] Firefox browser started 
2017-01-08 16:13:35,627 INFO  [-->] Navigating to URL--:https://www.olx.in/ 
2017-01-08 16:15:06,810 INFO  [-->] Clicking on:-- btn_SubmitAFreeAdd_xpath 
2017-01-08 16:15:07,112 INFO  [-->] Waiting for page load 
2017-01-08 16:16:28,507 INFO  [-->] Entering the value in:-- txtbx_AdTitle_xpath 
2017-01-08 16:16:28,728 INFO  [-->] Clicking on:-- lnk_Category_id 
2017-01-08 16:16:28,895 INFO  [-->] Closing the browser now 
2017-02-05 16:42:37,368 INFO  [-->] Loading Property files 
2017-02-05 16:42:37,384 INFO  [-->] Loaded Property files successfully 
2017-02-05 16:42:37,384 INFO  [-->] Loading XLS Files 
2017-02-05 16:42:39,845 INFO  [-->] Loaded XLS Files successfully 
2017-02-05 16:42:39,845 INFO  [-->] Checking Runmode of Suite SubmitAdd 
2017-02-05 16:42:40,070 INFO  [-->] ================================ Executing TestCase_ComNonAutomated for Test Data: Firefox====================================================== 
2017-02-05 16:42:40,070 INFO  [-->] ================================================================================================================================================== 
2017-02-05 16:42:40,071 INFO  [-->] Opening Firefox Browser 
2017-02-05 16:42:53,125 INFO  [-->] Firefox browser started 
2017-02-05 16:42:53,125 INFO  [-->] Navigating to URL--:https://www.olx.in/ 
2017-02-05 16:42:53,355 INFO  [-->] Clicking on:-- btn_SubmitAFreeAdd_xpath 
2017-02-05 16:42:53,767 ERROR [-->] Not able to click on -- Unable to locate element: {"method":"xpath","selector":"//*[@id='postNewAdLink']"}
Command duration or timeout: 67 milliseconds
For documentation on this error, please visit: http://seleniumhq.org/exceptions/no_such_element.html
Build info: version: '2.53.1', revision: 'a36b8b1', time: '2016-06-30 17:37:03'
System info: host: 'Ayaz-PC', ip: '127.0.0.1', os.name: 'Windows 7', os.arch: 'amd64', os.version: '6.1', java.version: '1.8.0_65'
Driver info: org.openqa.selenium.firefox.FirefoxDriver
Capabilities [{applicationCacheEnabled=true, rotatable=false, handlesAlerts=true, databaseEnabled=true, version=47.0.2, platform=WINDOWS, nativeEvents=false, acceptSslCerts=true, webStorageEnabled=true, locationContextEnabled=true, browserName=firefox, takesScreenshot=true, javascriptEnabled=true, cssSelectorsEnabled=true}]
Session ID: 5e3ca22a-243c-45fb-bf5f-268eed549912
*** Element info: {Using=xpath, value=//*[@id='postNewAdLink']} 
2017-02-05 16:42:54,003 INFO  [-->] ScreenShot is captured and stored at C:\Users\Ayaz\workspace\OlxAutomation\Screenshots\Fail02-2017-05 16.42.53.jpg 
2017-04-22 15:22:49,963 INFO  [-->] Loading Property files 
2017-04-22 15:22:49,964 INFO  [-->] Loaded Property files successfully 
2017-04-22 15:22:49,965 INFO  [-->] Loading XLS Files 
2017-04-22 15:22:51,314 INFO  [-->] Loaded XLS Files successfully 
2017-04-22 15:22:51,314 INFO  [-->] Checking Runmode of Suite SubmitAdd 
2017-04-22 15:22:51,514 INFO  [-->] ================================ Executing TestCase_mobileAdd for Test Data: Firefox====================================================== 
2017-04-22 15:22:51,514 INFO  [-->] ================================================================================================================================================== 
2017-04-22 15:22:51,514 INFO  [-->] Opening Firefox Browser 
2017-04-22 15:23:00,166 INFO  [-->] Firefox browser started 
2017-04-22 15:23:00,167 INFO  [-->] Navigating to URL--:https://www.olx.in/ 
2017-04-22 15:26:17,173 INFO  [-->] Clicking on:-- btn_SubmitAFreeAdd_xpath 
2017-04-22 15:27:31,961 INFO  [-->] Waiting for page load 
2017-04-22 15:27:32,016 INFO  [-->] Entering the value in:-- txtbx_AdTitle_xpath 
2017-04-22 15:27:32,162 INFO  [-->] Clicking on:-- lnk_Category_id 
2017-04-22 15:27:32,253 INFO  [-->] Closing the browser now 
2017-04-22 15:27:34,449 INFO  [-->] ================================ Executing TestCase_carAdd for Test Data: Firefox====================================================== 
2017-04-22 15:27:34,449 INFO  [-->] ================================================================================================================================================== 
2017-04-22 15:27:34,449 INFO  [-->] Opening Firefox Browser 
2017-04-22 15:27:40,805 INFO  [-->] Firefox browser started 
2017-04-22 15:27:40,806 INFO  [-->] Navigating to URL--:https://www.olx.in/ 
2017-04-22 15:28:22,084 INFO  [-->] Clicking on:-- btn_SubmitAFreeAdd_xpath 
2017-04-22 15:28:22,907 INFO  [-->] Waiting for page load 
2017-04-22 15:28:31,964 INFO  [-->] Entering the value in:-- txtbx_AdTitle_xpath 
2017-04-22 15:28:32,774 INFO  [-->] Clicking on:-- lnk_Category_id 
2017-04-22 15:28:33,725 INFO  [-->] Closing the browser now 
2017-04-22 15:28:34,175 INFO  [-->] Checking Runmode of Suite SearchAdd 
2017-04-22 15:28:34,184 INFO  [-->] ================================ Executing TestCase_mobileAdd for Test Data: Firefox====================================================== 
2017-04-22 15:28:34,184 INFO  [-->] ================================================================================================================================================== 
2017-04-22 15:28:34,184 INFO  [-->] Opening Firefox Browser 
2017-04-22 15:28:39,678 INFO  [-->] Firefox browser started 
2017-04-22 15:28:39,678 INFO  [-->] Navigating to URL--:https://www.olx.in/ 
2017-04-22 15:28:49,620 INFO  [-->] Closing the browser now 
2017-04-23 15:41:32,281 INFO  [-->] Loading Property files 
2017-04-23 15:41:32,320 INFO  [-->] Loaded Property files successfully 
2017-04-23 15:41:32,321 INFO  [-->] Loading XLS Files 
2017-04-23 15:41:33,181 INFO  [-->] Loaded XLS Files successfully 
2017-04-23 15:41:33,182 INFO  [-->] Checking Runmode of Suite JoinUs 
2017-04-23 15:41:33,353 INFO  [-->] ================================ Executing TestCase_mobileAdd for Test Data: Firefox====================================================== 
2017-04-23 15:41:33,354 INFO  [-->] ================================================================================================================================================== 
2017-04-23 15:41:33,354 INFO  [-->] Opening Firefox Browser 
2017-04-23 15:41:41,253 INFO  [-->] Firefox browser started 
2017-04-23 15:41:41,254 INFO  [-->] Navigating to URL--:http://www.joinolx.com/for-engineers 
2017-04-23 15:45:10,331 INFO  [-->] Loading Property files 
2017-04-23 15:45:10,332 INFO  [-->] Loaded Property files successfully 
2017-04-23 15:45:10,333 INFO  [-->] Loading XLS Files 
2017-04-23 15:45:11,218 INFO  [-->] Loaded XLS Files successfully 
2017-04-23 15:45:11,218 INFO  [-->] Checking Runmode of Suite SearchAdd 
2017-04-23 15:45:11,331 INFO  [-->] ================================ Executing TestCase_mobileAdd for Test Data: Firefox====================================================== 
2017-04-23 15:45:11,331 INFO  [-->] ================================================================================================================================================== 
2017-04-23 15:45:11,331 INFO  [-->] Opening Firefox Browser 
2017-04-23 15:45:58,738 INFO  [-->] Loading Property files 
2017-04-23 15:45:58,740 INFO  [-->] Loaded Property files successfully 
2017-04-23 15:45:58,740 INFO  [-->] Loading XLS Files 
2017-04-23 15:45:59,704 INFO  [-->] Loaded XLS Files successfully 
2017-04-23 15:45:59,704 INFO  [-->] Checking Runmode of Suite SearchAdd 
2017-04-23 15:45:59,828 INFO  [-->] ================================ Executing TestCase_mobileAdd for Test Data: Firefox====================================================== 
2017-04-23 15:45:59,829 INFO  [-->] ================================================================================================================================================== 
2017-04-23 15:45:59,829 INFO  [-->] Opening Firefox Browser 
2017-04-23 15:46:07,932 INFO  [-->] Firefox browser started 
2017-04-23 15:46:07,932 INFO  [-->] Navigating to URL--:https://www.olx.in/ 
2017-04-23 15:46:18,242 INFO  [-->] Closing the browser now 
2017-04-23 15:46:21,729 INFO  [-->] Checking Runmode of Suite SubmitAdd 
2017-04-23 15:46:21,772 INFO  [-->] ================================ Executing TestCase_mobileAdd for Test Data: Firefox====================================================== 
2017-04-23 15:46:21,773 INFO  [-->] ================================================================================================================================================== 
2017-04-23 15:46:21,773 INFO  [-->] Opening Firefox Browser 
2017-04-23 15:46:28,375 INFO  [-->] Firefox browser started 
2017-04-23 15:46:28,375 INFO  [-->] Navigating to URL--:https://www.olx.in/ 
2017-04-23 15:46:36,062 INFO  [-->] Clicking on:-- btn_SubmitAFreeAdd_xpath 
2017-04-23 15:46:36,938 INFO  [-->] Waiting for page load 
2017-04-23 15:46:43,057 INFO  [-->] Entering the value in:-- txtbx_AdTitle_xpath 
2017-04-23 15:46:44,018 INFO  [-->] Clicking on:-- lnk_Category_id 
2017-04-23 15:46:44,316 INFO  [-->] Closing the browser now 
2017-04-23 15:46:45,193 INFO  [-->] ================================ Executing TestCase_carAdd for Test Data: Firefox====================================================== 
2017-04-23 15:46:45,194 INFO  [-->] ================================================================================================================================================== 
2017-04-23 15:46:45,194 INFO  [-->] Opening Firefox Browser 
2017-04-23 15:46:51,235 INFO  [-->] Firefox browser started 
2017-04-23 15:46:51,235 INFO  [-->] Navigating to URL--:https://www.olx.in/ 
2017-04-23 15:46:58,035 INFO  [-->] Clicking on:-- btn_SubmitAFreeAdd_xpath 
2017-04-23 15:46:59,039 INFO  [-->] Waiting for page load 
2017-04-23 15:47:05,044 INFO  [-->] Entering the value in:-- txtbx_AdTitle_xpath 
2017-04-23 15:47:05,218 INFO  [-->] Clicking on:-- lnk_Category_id 
2017-04-23 15:47:05,488 INFO  [-->] Closing the browser now 
2017-04-23 15:47:06,014 INFO  [-->] Checking Runmode of Suite JoinUs 
2017-04-23 15:47:06,027 INFO  [-->] ================================ Executing TestCase_forEngineer for Test Data: Firefox====================================================== 
2017-04-23 15:47:06,027 INFO  [-->] ================================================================================================================================================== 
2017-04-23 15:47:06,027 INFO  [-->] Opening Firefox Browser 
2017-04-23 15:47:12,027 INFO  [-->] Firefox browser started 
2017-04-23 15:47:12,028 INFO  [-->] Navigating to URL--:http://www.joinolx.com/for-engineers 
